2021-08-21 14:43:02.646 [main] Program1 - ************************sg
2021-08-21 14:43:02.650 [main] Program1 - Test has startedsg
2021-08-21 14:43:02.857 [main] Program1 - Username entersg
2021-08-21 14:43:03.000 [main] Program1 - Password entersg
2021-08-21 14:43:04.745 [main] Program1 - Checking the contact pagesg
2021-08-21 14:43:04.974 [main] Program1 - Getting the current urlsg
2021-08-23 15:17:03.182 [main] Program1 - ************************sg
2021-08-23 15:17:03.183 [main] Program1 - Test has startedsg
2021-08-23 15:17:03.356 [main] Program1 - Username entersg
2021-08-23 15:17:03.562 [main] Program1 - Password entersg
2021-08-23 15:17:05.100 [main] Program1 - Checking the contact pagesg
2021-08-23 15:17:05.352 [main] Program1 - Getting the current urlsg
2021-08-23 15:18:19.112 [main] Program1 - ************************sg
2021-08-23 15:18:19.113 [main] Program1 - Test has startedsg
2021-08-23 15:18:19.219 [main] Program1 - Username entersg
2021-08-23 15:18:19.317 [main] Program1 - Password entersg
2021-08-23 15:18:20.821 [main] Program1 - Checking the contact pagesg
2021-08-23 15:18:21.016 [main] Program1 - Getting the current urlsg
2021-08-23 15:20:14.532 [main] Program1 - ************************sg
2021-08-23 15:20:14.534 [main] Program1 - Test has startedsg
2021-08-23 15:20:14.632 [main] Program1 - Username entersg
2021-08-23 15:20:14.722 [main] Program1 - Password entersg
2021-08-23 15:20:16.203 [main] Program1 - Checking the contact pagesg
2021-08-23 15:20:16.416 [main] Program1 - Getting the current urlsg
2021-08-24 09:59:46.930 [main] Program1 - ************************sg
2021-08-24 09:59:46.948 [main] Program1 - Test has startedsg
2021-08-24 09:59:47.062 [main] Program1 - Username entersg
2021-08-24 09:59:47.143 [main] Program1 - Password entersg
2021-08-24 09:59:48.657 [main] Program1 - Checking the contact pagesg
2021-08-24 09:59:48.857 [main] Program1 - Getting the current urlsg
2021-08-24 10:03:35.400 [main] Program1 - ************************sg
2021-08-24 10:03:35.401 [main] Program1 - Test has startedsg
2021-08-24 10:03:35.502 [main] Program1 - Username entersg
2021-08-24 10:03:35.587 [main] Program1 - Password entersg
2021-08-24 10:03:37.141 [main] Program1 - Checking the contact pagesg
2021-08-24 10:03:37.350 [main] Program1 - Getting the current urlsg
2021-08-24 10:07:13.837 [main] Program1 - ************************sg
2021-08-24 10:07:13.841 [main] Program1 - Test has startedsg
2021-08-24 10:07:13.972 [main] Program1 - Username entersg
2021-08-24 10:07:14.080 [main] Program1 - Password entersg
2021-08-24 10:07:15.820 [main] Program1 - Checking the contact pagesg
2021-08-24 10:07:16.027 [main] Program1 - Getting the current urlsg
2021-08-24 10:07:50.268 [main] Program1 - ************************sg
2021-08-24 10:07:50.269 [main] Program1 - Test has startedsg
2021-08-24 10:07:50.360 [main] Program1 - Username entersg
2021-08-24 10:07:50.456 [main] Program1 - Password entersg
2021-08-24 10:07:52.255 [main] Program1 - Checking the contact pagesg
2021-08-24 10:07:52.645 [main] Program1 - Getting the current urlsg
2021-08-24 10:08:33.719 [main] Program1 - ************************sg
2021-08-24 10:08:33.720 [main] Program1 - Test has startedsg
2021-08-24 10:08:33.805 [main] Program1 - Username entersg
2021-08-24 10:08:33.896 [main] Program1 - Password entersg
2021-08-24 10:08:35.807 [main] Program1 - Checking the contact pagesg
2021-08-24 10:08:36.005 [main] Program1 - Getting the current urlsg
2021-08-24 10:10:06.911 [main] Program1 - ************************sg
2021-08-24 10:10:06.914 [main] Program1 - Test has startedsg
2021-08-24 10:10:07.061 [main] Program1 - Username entersg
2021-08-24 10:10:07.183 [main] Program1 - Password entersg
2021-08-24 10:10:08.819 [main] Program1 - Checking the contact pagesg
2021-08-24 10:10:09.038 [main] Program1 - Getting the current urlsg
2021-08-24 10:11:25.441 [main] Program1 - ENTER NEW USER NAMEsg
2021-08-24 10:11:27.470 [main] Program1 - ************************sg
2021-08-24 10:11:27.471 [main] Program1 - Test has startedsg
2021-08-24 10:11:27.602 [main] Program1 - Username entersg
2021-08-24 10:11:27.689 [main] Program1 - Password entersg
2021-08-24 10:11:29.184 [main] Program1 - Checking the contact pagesg
2021-08-24 10:11:29.430 [main] Program1 - Getting the current urlsg
2021-08-24 10:14:04.562 [main] Program1 - ENTER NEW USER NAMEsg
2021-08-24 10:14:06.634 [main] Program1 - ************************sg
2021-08-24 10:14:06.634 [main] Program1 - Test has startedsg
2021-08-24 10:14:06.740 [main] Program1 - Username entersg
2021-08-24 10:14:06.838 [main] Program1 - Password entersg
2021-08-24 10:14:08.726 [main] Program1 - Checking the contact pagesg
2021-08-24 10:14:08.955 [main] Program1 - Getting the current urlsg
2021-08-24 10:17:38.067 [main] Program1 - ENTER NEW USER NAMEsg
2021-08-24 10:17:39.825 [main] Program1 - ************************sg
2021-08-24 10:17:39.826 [main] Program1 - Test has startedsg
2021-08-24 10:17:39.945 [main] Program1 - Username entersg
2021-08-24 10:17:40.031 [main] Program1 - Password entersg
2021-08-24 10:17:41.614 [main] Program1 - Checking the contact pagesg
2021-08-24 10:17:41.849 [main] Program1 - Getting the current urlsg
2021-08-24 10:18:49.151 [main] Program1 - ENTER NEW USER NAMEsg
2021-08-24 10:18:51.560 [main] Program1 - ************************sg
2021-08-24 10:18:51.561 [main] Program1 - Test has startedsg
2021-08-24 10:18:51.674 [main] Program1 - Username entersg
2021-08-24 10:18:51.769 [main] Program1 - Password entersg
2021-08-24 10:18:53.500 [main] Program1 - Checking the contact pagesg
2021-08-24 10:18:53.736 [main] Program1 - Getting the current urlsg
2021-08-24 10:19:15.516 [main] Program1 - ENTER NEW USER NAMEsg
2021-08-24 10:19:17.385 [main] Program1 - ************************sg
2021-08-24 10:19:17.385 [main] Program1 - Test has startedsg
2021-08-24 10:19:17.498 [main] Program1 - Username entersg
2021-08-24 10:19:17.580 [main] Program1 - Password entersg
2021-08-24 10:19:19.056 [main] Program1 - Checking the contact pagesg
2021-08-24 10:19:19.293 [main] Program1 - Getting the current urlsg
2021-08-24 10:20:46.623 [main] Program1 - ENTER NEW USER NAMEsg
2021-08-24 10:20:48.777 [main] Program1 - ************************sg
2021-08-24 10:20:48.778 [main] Program1 - Test has startedsg
2021-08-24 10:20:48.890 [main] Program1 - Username entersg
2021-08-24 10:20:48.978 [main] Program1 - Password entersg
2021-08-24 10:20:50.479 [main] Program1 - Checking the contact pagesg
2021-08-24 10:20:50.726 [main] Program1 - Getting the current urlsg
2021-08-24 10:28:42.992 [main] Program1 - ENTER NEW USER NAMEsg
2021-08-24 10:28:44.963 [main] Program1 - ************************sg
2021-08-24 10:28:44.964 [main] Program1 - Test has startedsg
2021-08-24 10:28:45.105 [main] Program1 - Username entersg
2021-08-24 10:28:45.206 [main] Program1 - Password entersg
2021-08-24 10:28:47.234 [main] Program1 - Checking the contact pagesg
2021-08-24 10:28:47.458 [main] Program1 - Getting the current urlsg
2021-08-24 10:29:30.324 [main] Program1 - ENTER NEW USER NAMEsg
2021-08-24 10:29:32.642 [main] Program1 - ************************sg
2021-08-24 10:29:32.642 [main] Program1 - Test has startedsg
2021-08-24 10:29:32.921 [main] Program1 - Username entersg
2021-08-24 10:29:33.198 [main] Program1 - Password entersg
2021-08-24 10:29:35.829 [main] Program1 - Checking the contact pagesg
2021-08-24 10:29:36.129 [main] Program1 - Getting the current urlsg
2021-08-24 10:33:06.486 [main] Program1 - ENTER NEW USER NAMEsg
2021-08-24 10:33:08.610 [main] Program1 - ************************sg
2021-08-24 10:33:08.610 [main] Program1 - Test has startedsg
2021-08-24 10:33:08.731 [main] Program1 - Username entersg
2021-08-24 10:33:08.816 [main] Program1 - Password entersg
2021-08-24 10:33:10.314 [main] Program1 - Checking the contact pagesg
2021-08-24 10:33:10.560 [main] Program1 - Getting the current urlsg
2021-08-24 10:35:38.169 [main] Program1 - ENTER NEW USER NAMEsg
2021-08-24 10:35:40.271 [main] Program1 - ************************sg
2021-08-24 10:35:40.272 [main] Program1 - Test has startedsg
2021-08-24 10:35:40.386 [main] Program1 - Username entersg
2021-08-24 10:35:40.475 [main] Program1 - Password entersg
2021-08-24 10:35:42.486 [main] Program1 - Checking the contact pagesg
2021-08-24 10:35:42.752 [main] Program1 - Getting the current urlsg
2021-08-24 10:36:53.586 [main] Program1 - ENTER NEW USER NAMEsg
2021-08-24 10:36:55.940 [main] Program1 - ************************sg
2021-08-24 10:36:55.941 [main] Program1 - Test has startedsg
2021-08-24 10:36:56.042 [main] Program1 - Username entersg
2021-08-24 10:36:56.208 [main] Program1 - Password entersg
2021-08-24 10:36:58.128 [main] Program1 - Checking the contact pagesg
2021-08-24 10:36:58.354 [main] Program1 - Getting the current urlsg
2021-08-24 10:41:37.777 [main] Program1 - ENTER NEW USER NAMEsg
2021-08-24 10:41:39.585 [main] Program1 - ************************sg
2021-08-24 10:41:39.586 [main] Program1 - Test has startedsg
2021-08-24 10:41:39.701 [main] Program1 - Username entersg
2021-08-24 10:41:39.783 [main] Program1 - Password entersg
2021-08-24 10:41:41.922 [main] Program1 - Checking the contact pagesg
2021-08-24 10:41:42.173 [main] Program1 - Getting the current urlsg
2021-08-24 10:43:57.535 [main] Program1 - ENTER NEW USER NAMEsg
2021-08-24 10:43:59.456 [main] Program1 - ************************sg
2021-08-24 10:43:59.456 [main] Program1 - Test has startedsg
2021-08-24 10:43:59.554 [main] Program1 - Username entersg
2021-08-24 10:43:59.648 [main] Program1 - Password entersg
2021-08-24 10:44:02.036 [main] Program1 - Checking the contact pagesg
2021-08-24 10:44:02.330 [main] Program1 - Getting the current urlsg
2021-08-24 10:52:56.172 [main] Program1 - ENTER NEW USER NAMEsg
2021-08-24 10:52:58.193 [main] Program1 - ************************sg
2021-08-24 10:52:58.193 [main] Program1 - Test has startedsg
2021-08-24 10:52:58.294 [main] Program1 - Username entersg
2021-08-24 10:52:58.379 [main] Program1 - Password entersg
2021-08-24 10:53:00.455 [main] Program1 - Checking the contact pagesg
2021-08-24 10:53:00.900 [main] Program1 - Getting the current urlsg
2021-08-24 11:45:18.339 [main] Program1 - ************************sg
2021-08-24 11:45:18.341 [main] Program1 - Test has startedsg
2021-08-24 11:45:18.448 [main] Program1 - Username entersg
2021-08-24 11:45:18.559 [main] Program1 - Password entersg
2021-08-24 11:45:21.072 [main] Program1 - Checking the contact pagesg
2021-08-24 11:45:21.271 [main] Program1 - Getting the current urlsg
2021-08-24 11:45:21.547 [main] Program1 - ENTER NEW USER NAMEsg
2021-08-24 11:49:10.430 [main] Program1 - ************************sg
2021-08-24 11:49:10.431 [main] Program1 - Test has startedsg
2021-08-24 11:49:10.591 [main] Program1 - Username entersg
2021-08-24 11:49:10.718 [main] Program1 - Password entersg
2021-08-24 11:49:12.587 [main] Program1 - Checking the contact pagesg
2021-08-24 11:49:12.771 [main] Program1 - Getting the current urlsg
2021-08-24 11:49:13.085 [main] Program1 - ENTER NEW USER NAMEsg
2021-08-24 11:49:13.176 [main] Program1 - ENTER NEW PASSWORDsg
2021-08-24 11:49:13.269 [main] Program1 - REENTER NEW PASSWORDsg
2021-08-24 11:49:13.632 [main] Program1 - ENTER NEW USER NAMEsg
2021-08-24 11:49:13.721 [main] Program1 - ENTER NEW PASSWORDsg
2021-08-24 11:51:21.893 [main] Program1 - ************************sg
2021-08-24 11:51:21.895 [main] Program1 - Test has startedsg
2021-08-24 11:51:22.084 [main] Program1 - Username entersg
2021-08-24 11:51:22.243 [main] Program1 - Password entersg
2021-08-24 11:51:24.281 [main] Program1 - Checking the contact pagesg
2021-08-24 11:51:24.457 [main] Program1 - Getting the current urlsg
2021-08-24 11:51:24.766 [main] Program1 - ENTER NEW USER NAMEsg
2021-08-24 11:51:24.842 [main] Program1 - ENTER NEW PASSWORDsg
2021-08-24 11:51:24.930 [main] Program1 - REENTER NEW PASSWORDsg
2021-08-24 11:51:25.333 [main] Program1 - ENTER NEW USER NAMEsg
2021-08-24 11:51:25.423 [main] Program1 - ENTER NEW PASSWORDsg
2021-08-24 11:51:58.626 [main] Program1 - ************************sg
2021-08-24 11:51:58.627 [main] Program1 - Test has startedsg
2021-08-24 11:51:58.741 [main] Program1 - Username entersg
2021-08-24 11:51:58.842 [main] Program1 - Password entersg
2021-08-24 11:52:00.641 [main] Program1 - Checking the contact pagesg
2021-08-24 11:52:00.830 [main] Program1 - Getting the current urlsg
2021-08-24 11:52:01.078 [main] Program1 - ENTER NEW USER NAMEsg
2021-08-24 11:52:01.157 [main] Program1 - ENTER NEW PASSWORDsg
2021-08-24 11:52:01.243 [main] Program1 - REENTER NEW PASSWORDsg
2021-08-24 11:52:01.583 [main] Program1 - ENTER NEW USER NAMEsg
2021-08-24 11:52:01.668 [main] Program1 - ENTER NEW PASSWORDsg
2021-08-24 11:53:46.288 [main] Program1 - ************************sg
2021-08-24 11:53:46.290 [main] Program1 - Test has startedsg
2021-08-24 11:53:46.542 [main] Program1 - Username entersg
2021-08-24 11:53:46.672 [main] Program1 - Password entersg
2021-08-24 11:53:48.785 [main] Program1 - Checking the contact pagesg
2021-08-24 11:53:49.015 [main] Program1 - Getting the current urlsg
2021-08-24 11:53:49.273 [main] Program1 - ENTER NEW USER NAMEsg
2021-08-24 11:53:49.353 [main] Program1 - ENTER NEW PASSWORDsg
2021-08-24 11:53:49.441 [main] Program1 - REENTER NEW PASSWORDsg
2021-08-24 11:53:49.795 [main] Program1 - ENTER NEW USER NAMEsg
2021-08-24 11:53:49.888 [main] Program1 - ENTER NEW PASSWORDsg
2021-08-24 11:55:13.005 [main] Program1 - ************************sg
2021-08-24 11:55:13.006 [main] Program1 - Test has startedsg
2021-08-24 11:55:13.120 [main] Program1 - Username entersg
2021-08-24 11:55:13.242 [main] Program1 - Password entersg
2021-08-24 11:55:15.191 [main] Program1 - Checking the contact pagesg
2021-08-24 11:55:15.369 [main] Program1 - Getting the current urlsg
2021-08-24 11:55:15.662 [main] Program1 - ENTER NEW USER NAMEsg
2021-08-24 11:55:15.739 [main] Program1 - ENTER NEW PASSWORDsg
2021-08-24 11:55:15.825 [main] Program1 - REENTER NEW PASSWORDsg
2021-08-24 11:55:16.168 [main] Program1 - ENTER NEW USER NAMEsg
2021-08-24 11:55:16.263 [main] Program1 - ENTER NEW PASSWORDsg
2021-08-24 12:03:31.188 [main] Program1 - ************************sg
2021-08-24 12:03:31.195 [main] Program1 - Test has startedsg
2021-08-24 12:03:31.409 [main] Program1 - Username entersg
2021-08-24 12:03:31.554 [main] Program1 - Password entersg
2021-08-24 12:03:33.651 [main] Program1 - Checking the contact pagesg
2021-08-24 12:03:33.859 [main] Program1 - Getting the current urlsg
2021-08-24 12:03:34.116 [main] Program1 - ENTER NEW USER NAMEsg
2021-08-24 12:03:34.191 [main] Program1 - ENTER NEW PASSWORDsg
2021-08-24 12:03:34.283 [main] Program1 - REENTER NEW PASSWORDsg
2021-08-24 12:03:34.656 [main] Program1 - ENTER NEW USER NAMEsg
2021-08-24 12:03:34.740 [main] Program1 - ENTER NEW PASSWORDsg
2021-08-24 12:11:01.896 [main] Program1 - ************************sg
2021-08-24 12:11:01.897 [main] Program1 - Test has startedsg
2021-08-24 12:11:01.995 [main] Program1 - Username entersg
2021-08-24 12:11:02.112 [main] Program1 - Password entersg
2021-08-24 12:11:04.542 [main] Program1 - Checking the contact pagesg
2021-08-24 12:11:04.777 [main] Program1 - Getting the current urlsg
2021-08-24 12:11:05.075 [main] Program1 - ENTER NEW USER NAMEsg
2021-08-24 12:11:05.150 [main] Program1 - ENTER NEW PASSWORDsg
2021-08-24 12:11:05.231 [main] Program1 - REENTER NEW PASSWORDsg
2021-08-24 12:11:05.598 [main] Program1 - ENTER NEW USER NAMEsg
2021-08-24 12:11:05.679 [main] Program1 - ENTER NEW PASSWORDsg
2021-08-24 14:29:11.095 [main] Program1 - ************************sg
2021-08-24 14:29:11.098 [main] Program1 - Test has startedsg
2021-08-24 14:29:11.238 [main] Program1 - Username entersg
2021-08-24 14:29:11.336 [main] Program1 - Password entersg
2021-08-24 14:29:13.216 [main] Program1 - Checking the contact pagesg
2021-08-24 14:29:13.406 [main] Program1 - Getting the current urlsg
2021-08-24 14:29:13.636 [main] Program1 - ENTER NEW USER NAMEsg
2021-08-24 14:29:13.714 [main] Program1 - ENTER NEW PASSWORDsg
2021-08-24 14:29:13.802 [main] Program1 - REENTER NEW PASSWORDsg
2021-08-24 14:29:14.134 [main] Program1 - ENTER NEW USER NAMEsg
2021-08-24 14:29:14.210 [main] Program1 - ENTER NEW PASSWORDsg
2021-08-24 14:33:51.586 [main] Program1 - ************************sg
2021-08-24 14:33:51.586 [main] Program1 - Test has startedsg
2021-08-24 14:33:51.685 [main] Program1 - Username entersg
2021-08-24 14:33:51.852 [main] Program1 - Password entersg
2021-08-24 14:33:53.745 [main] Program1 - Checking the contact pagesg
2021-08-24 14:33:53.926 [main] Program1 - Getting the current urlsg
2021-08-24 14:33:54.192 [main] Program1 - ENTER NEW USER NAMEsg
2021-08-24 14:33:54.269 [main] Program1 - ENTER NEW PASSWORDsg
2021-08-24 14:33:54.356 [main] Program1 - REENTER NEW PASSWORDsg
2021-08-24 14:33:54.674 [main] Program1 - ENTER NEW USER NAMEsg
2021-08-24 14:33:54.776 [main] Program1 - ENTER NEW PASSWORDsg
2021-08-24 14:38:26.131 [main] Program1 - ************************sg
2021-08-24 14:38:26.136 [main] Program1 - Test has startedsg
2021-08-24 14:38:26.351 [main] Program1 - Username entersg
2021-08-24 14:38:26.496 [main] Program1 - Password entersg
2021-08-24 14:38:28.289 [main] Program1 - Checking the contact pagesg
2021-08-24 14:38:28.465 [main] Program1 - Getting the current urlsg
2021-08-24 14:38:28.731 [main] Program1 - ENTER NEW USER NAMEsg
2021-08-24 14:38:28.817 [main] Program1 - ENTER NEW PASSWORDsg
2021-08-24 14:38:28.905 [main] Program1 - REENTER NEW PASSWORDsg
2021-08-24 14:38:29.280 [main] Program1 - ENTER NEW USER NAMEsg
2021-08-24 14:38:29.360 [main] Program1 - ENTER NEW PASSWORDsg
2021-08-24 14:39:29.247 [main] Program1 - ************************sg
2021-08-24 14:39:29.250 [main] Program1 - Test has startedsg
2021-08-24 14:39:29.488 [main] Program1 - Username entersg
2021-08-24 14:39:29.667 [main] Program1 - Password entersg
2021-08-24 14:39:31.429 [main] Program1 - Checking the contact pagesg
2021-08-24 14:39:31.613 [main] Program1 - Getting the current urlsg
2021-08-24 14:39:31.872 [main] Program1 - ENTER NEW USER NAMEsg
2021-08-24 14:39:31.950 [main] Program1 - ENTER NEW PASSWORDsg
2021-08-24 14:39:32.038 [main] Program1 - REENTER NEW PASSWORDsg
2021-08-24 14:39:32.392 [main] Program1 - ENTER NEW USER NAMEsg
2021-08-24 14:39:32.474 [main] Program1 - ENTER NEW PASSWORDsg
2021-08-24 14:42:00.044 [main] Program1 - ************************sg
2021-08-24 14:42:00.047 [main] Program1 - Test has startedsg
2021-08-24 14:42:00.153 [main] Program1 - Username entersg
2021-08-24 14:42:00.249 [main] Program1 - Password entersg
2021-08-24 14:42:02.019 [main] Program1 - Checking the contact pagesg
2021-08-24 14:42:02.209 [main] Program1 - Getting the current urlsg
2021-08-24 14:42:02.439 [main] Program1 - ENTER NEW USER NAMEsg
2021-08-24 14:42:02.522 [main] Program1 - ENTER NEW PASSWORDsg
2021-08-24 14:42:02.604 [main] Program1 - REENTER NEW PASSWORDsg
2021-08-24 14:42:02.919 [main] Program1 - ENTER NEW USER NAMEsg
2021-08-24 14:42:02.997 [main] Program1 - ENTER NEW PASSWORDsg
2021-08-24 14:50:45.239 [main] Program1 - ************************sg
2021-08-24 14:50:45.240 [main] Program1 - Test has startedsg
2021-08-24 14:50:45.507 [main] Program1 - Username entersg
2021-08-24 14:50:45.708 [main] Program1 - Password entersg
2021-08-24 14:50:47.561 [main] Program1 - Checking the contact pagesg
2021-08-24 14:50:47.745 [main] Program1 - Getting the current urlsg
2021-08-24 14:50:47.989 [main] Program1 - ENTER NEW USER NAMEsg
2021-08-24 14:50:48.066 [main] Program1 - ENTER NEW PASSWORDsg
2021-08-24 14:50:48.151 [main] Program1 - REENTER NEW PASSWORDsg
2021-08-24 14:50:48.501 [main] Program1 - ENTER NEW USER NAMEsg
2021-08-24 14:50:48.580 [main] Program1 - ENTER NEW PASSWORDsg
2021-08-24 14:51:42.493 [main] Program1 - ************************sg
2021-08-24 14:51:42.494 [main] Program1 - Test has startedsg
2021-08-24 14:51:42.773 [main] Program1 - Username entersg
2021-08-24 14:51:42.977 [main] Program1 - Password entersg
2021-08-24 14:51:44.690 [main] Program1 - Checking the contact pagesg
2021-08-24 14:51:44.879 [main] Program1 - Getting the current urlsg
2021-08-24 14:51:45.108 [main] Program1 - ENTER NEW USER NAMEsg
2021-08-24 14:51:45.185 [main] Program1 - ENTER NEW PASSWORDsg
2021-08-24 14:51:45.264 [main] Program1 - REENTER NEW PASSWORDsg
2021-08-24 14:51:45.587 [main] Program1 - ENTER NEW USER NAMEsg
2021-08-24 14:51:45.665 [main] Program1 - ENTER NEW PASSWORDsg
2021-08-24 14:52:54.599 [main] Program1 - ************************sg
2021-08-24 14:52:54.602 [main] Program1 - Test has startedsg
2021-08-24 14:52:54.857 [main] Program1 - Username entersg
2021-08-24 14:52:54.987 [main] Program1 - Password entersg
2021-08-24 14:52:56.951 [main] Program1 - Checking the contact pagesg
2021-08-24 14:52:57.146 [main] Program1 - Getting the current urlsg
2021-08-24 14:52:57.379 [main] Program1 - ENTER NEW USER NAMEsg
2021-08-24 14:52:57.451 [main] Program1 - ENTER NEW PASSWORDsg
2021-08-24 14:52:57.534 [main] Program1 - REENTER NEW PASSWORDsg
2021-08-24 14:52:57.858 [main] Program1 - ENTER NEW USER NAMEsg
2021-08-24 14:52:57.943 [main] Program1 - ENTER NEW PASSWORDsg
2021-08-24 14:53:57.735 [main] Program1 - ************************sg
2021-08-24 14:53:57.739 [main] Program1 - Test has startedsg
2021-08-24 14:53:57.889 [main] Program1 - Username entersg
2021-08-24 14:53:58.008 [main] Program1 - Password entersg
2021-08-24 14:53:59.782 [main] Program1 - Checking the contact pagesg
2021-08-24 14:54:00.038 [main] Program1 - Getting the current urlsg
2021-08-24 14:54:00.364 [main] Program1 - ENTER NEW USER NAMEsg
2021-08-24 14:54:00.450 [main] Program1 - ENTER NEW PASSWORDsg
2021-08-24 14:54:00.547 [main] Program1 - REENTER NEW PASSWORDsg
2021-08-24 14:54:00.929 [main] Program1 - ENTER NEW USER NAMEsg
2021-08-24 14:54:01.017 [main] Program1 - ENTER NEW PASSWORDsg
2021-08-24 14:55:06.470 [main] Program1 - ************************sg
2021-08-24 14:55:06.471 [main] Program1 - Test has startedsg
2021-08-24 14:55:06.591 [main] Program1 - Username entersg
2021-08-24 14:55:06.697 [main] Program1 - Password entersg
2021-08-24 14:55:08.808 [main] Program1 - Checking the contact pagesg
2021-08-24 14:55:09.017 [main] Program1 - Getting the current urlsg
2021-08-24 14:55:09.262 [main] Program1 - ENTER NEW USER NAMEsg
2021-08-24 14:55:09.341 [main] Program1 - ENTER NEW PASSWORDsg
2021-08-24 14:55:09.422 [main] Program1 - REENTER NEW PASSWORDsg
2021-08-24 14:55:09.757 [main] Program1 - ENTER NEW USER NAMEsg
2021-08-24 14:55:09.845 [main] Program1 - ENTER NEW PASSWORDsg
2021-08-24 14:59:40.573 [main] Program1 - ************************sg
2021-08-24 14:59:40.574 [main] Program1 - Test has startedsg
2021-08-24 14:59:40.730 [main] Program1 - Username entersg
2021-08-24 14:59:40.826 [main] Program1 - Password entersg
2021-08-24 14:59:42.879 [main] Program1 - Checking the contact pagesg
2021-08-24 14:59:43.074 [main] Program1 - Getting the current urlsg
2021-08-24 14:59:43.306 [main] Program1 - ENTER NEW USER NAMEsg
2021-08-24 14:59:43.381 [main] Program1 - ENTER NEW PASSWORDsg
2021-08-24 14:59:43.467 [main] Program1 - REENTER NEW PASSWORDsg
2021-08-24 14:59:43.801 [main] Program1 - ENTER NEW USER NAMEsg
2021-08-24 14:59:43.880 [main] Program1 - ENTER NEW PASSWORDsg
2021-08-24 15:02:27.569 [main] Program1 - ************************sg
2021-08-24 15:02:27.570 [main] Program1 - Test has startedsg
2021-08-24 15:02:27.670 [main] Program1 - Username entersg
2021-08-24 15:02:27.771 [main] Program1 - Password entersg
2021-08-24 15:02:29.369 [main] Program1 - Checking the contact pagesg
2021-08-24 15:02:29.694 [main] Program1 - Getting the current urlsg
2021-08-24 15:02:29.920 [main] Program1 - ENTER NEW USER NAMEsg
2021-08-24 15:02:30.003 [main] Program1 - ENTER NEW PASSWORDsg
2021-08-24 15:02:30.088 [main] Program1 - REENTER NEW PASSWORDsg
2021-08-24 15:02:30.410 [main] Program1 - ENTER NEW USER NAMEsg
2021-08-24 15:02:30.487 [main] Program1 - ENTER NEW PASSWORDsg
2021-08-24 15:17:29.328 [main] Program1 - ************************sg
2021-08-24 15:17:29.332 [main] Program1 - Test has startedsg
2021-08-24 15:17:29.530 [main] Program1 - Username entersg
2021-08-24 15:17:29.689 [main] Program1 - Password entersg
2021-08-24 15:17:31.432 [main] Program1 - Checking the contact pagesg
2021-08-24 15:17:31.638 [main] Program1 - Getting the current urlsg
2021-08-24 15:17:31.898 [main] Program1 - ENTER NEW USER NAMEsg
2021-08-24 15:17:31.977 [main] Program1 - ENTER NEW PASSWORDsg
2021-08-24 15:17:32.060 [main] Program1 - REENTER NEW PASSWORDsg
2021-08-24 15:17:32.409 [main] Program1 - ENTER NEW USER NAMEsg
2021-08-24 15:17:32.497 [main] Program1 - ENTER NEW PASSWORDsg
2021-08-24 15:23:02.160 [main] Program1 - ************************sg
2021-08-24 15:23:02.163 [main] Program1 - Test has startedsg
2021-08-24 15:23:02.337 [main] Program1 - Username entersg
2021-08-24 15:23:02.517 [main] Program1 - Password entersg
2021-08-24 15:23:04.547 [main] Program1 - Checking the contact pagesg
2021-08-24 15:23:04.819 [main] Program1 - Getting the current urlsg
2021-08-24 15:23:05.081 [main] Program1 - ENTER NEW USER NAMEsg
2021-08-24 15:23:05.165 [main] Program1 - ENTER NEW PASSWORDsg
2021-08-24 15:23:05.262 [main] Program1 - REENTER NEW PASSWORDsg
2021-08-24 15:23:05.616 [main] Program1 - ENTER NEW USER NAMEsg
2021-08-24 15:23:05.699 [main] Program1 - ENTER NEW PASSWORDsg
2021-08-24 15:27:57.819 [main] Program1 - ************************sg
2021-08-24 15:27:57.820 [main] Program1 - Test has startedsg
2021-08-24 15:27:57.951 [main] Program1 - Username entersg
2021-08-24 15:27:58.073 [main] Program1 - Password entersg
2021-08-24 15:28:00.187 [main] Program1 - Checking the contact pagesg
2021-08-24 15:28:00.414 [main] Program1 - Getting the current urlsg
2021-08-24 15:28:00.718 [main] Program1 - ENTER NEW USER NAMEsg
2021-08-24 15:28:00.805 [main] Program1 - ENTER NEW PASSWORDsg
2021-08-24 15:28:00.897 [main] Program1 - REENTER NEW PASSWORDsg
2021-08-24 15:28:01.529 [main] Program1 - ENTER NEW USER NAMEsg
2021-08-24 15:28:01.681 [main] Program1 - ENTER NEW PASSWORDsg
2021-08-24 15:29:29.806 [main] Program1 - ************************sg
2021-08-24 15:29:29.807 [main] Program1 - Test has startedsg
2021-08-24 15:29:29.923 [main] Program1 - Username entersg
2021-08-24 15:29:30.026 [main] Program1 - Password entersg
2021-08-24 15:29:31.829 [main] Program1 - Checking the contact pagesg
2021-08-24 15:29:32.020 [main] Program1 - Getting the current urlsg
2021-08-24 15:29:32.270 [main] Program1 - ENTER NEW USER NAMEsg
2021-08-24 15:29:32.357 [main] Program1 - ENTER NEW PASSWORDsg
2021-08-24 15:29:32.452 [main] Program1 - REENTER NEW PASSWORDsg
2021-08-24 15:29:32.838 [main] Program1 - ENTER NEW USER NAMEsg
2021-08-24 15:29:32.925 [main] Program1 - ENTER NEW PASSWORDsg
2021-08-24 15:32:15.533 [main] Program1 - ************************sg
2021-08-24 15:32:15.538 [main] Program1 - Test has startedsg
2021-08-24 15:32:15.654 [main] Program1 - Username entersg
2021-08-24 15:32:15.754 [main] Program1 - Password entersg
2021-08-24 15:32:16.920 [main] Program1 - Checking the contact pagesg
2021-08-24 15:32:17.113 [main] Program1 - Getting the current urlsg
2021-08-24 15:32:17.337 [main] Program1 - ENTER NEW USER NAMEsg
2021-08-24 15:32:17.409 [main] Program1 - ENTER NEW PASSWORDsg
2021-08-24 15:32:17.485 [main] Program1 - REENTER NEW PASSWORDsg
2021-08-24 15:32:17.776 [main] Program1 - ENTER NEW USER NAMEsg
2021-08-24 15:32:17.845 [main] Program1 - ENTER NEW PASSWORDsg
2021-08-24 15:34:11.394 [main] Program1 - ************************sg
2021-08-24 15:34:11.399 [main] Program1 - Test has startedsg
2021-08-24 15:34:11.547 [main] Program1 - Username entersg
2021-08-24 15:34:11.642 [main] Program1 - Password entersg
2021-08-24 15:34:12.794 [main] Program1 - Checking the contact pagesg
2021-08-24 15:34:12.980 [main] Program1 - Getting the current urlsg
2021-08-24 15:34:13.196 [main] Program1 - ENTER NEW USER NAMEsg
2021-08-24 15:34:13.269 [main] Program1 - ENTER NEW PASSWORDsg
2021-08-24 15:34:13.342 [main] Program1 - REENTER NEW PASSWORDsg
2021-08-24 15:34:13.608 [main] Program1 - ENTER NEW USER NAMEsg
2021-08-24 15:34:13.675 [main] Program1 - ENTER NEW PASSWORDsg
2021-08-24 15:35:57.681 [main] Program1 - ************************sg
2021-08-24 15:35:57.682 [main] Program1 - Test has startedsg
2021-08-24 15:35:57.794 [main] Program1 - Username entersg
2021-08-24 15:35:57.910 [main] Program1 - Password entersg
2021-08-24 15:36:00.688 [main] Program1 - Checking the contact pagesg
2021-08-24 15:36:01.176 [main] Program1 - Getting the current urlsg
2021-08-24 15:36:01.453 [main] Program1 - ENTER NEW USER NAMEsg
2021-08-24 15:36:01.549 [main] Program1 - ENTER NEW PASSWORDsg
2021-08-24 15:36:01.673 [main] Program1 - REENTER NEW PASSWORDsg
2021-08-24 15:36:02.103 [main] Program1 - ENTER NEW USER NAMEsg
2021-08-24 15:36:02.197 [main] Program1 - ENTER NEW PASSWORDsg
2021-08-24 15:37:57.667 [main] Program1 - ************************sg
2021-08-24 15:37:57.668 [main] Program1 - Test has startedsg
2021-08-24 15:37:58.045 [main] Program1 - Username entersg
2021-08-24 15:37:58.297 [main] Program1 - Password entersg
2021-08-24 15:38:00.256 [main] Program1 - Checking the contact pagesg
2021-08-24 15:38:00.517 [main] Program1 - Getting the current urlsg
2021-08-24 15:38:00.847 [main] Program1 - ENTER NEW USER NAMEsg
2021-08-24 15:38:00.942 [main] Program1 - ENTER NEW PASSWORDsg
2021-08-24 15:38:01.028 [main] Program1 - REENTER NEW PASSWORDsg
2021-08-24 15:38:01.420 [main] Program1 - ENTER NEW USER NAMEsg
2021-08-24 15:38:01.518 [main] Program1 - ENTER NEW PASSWORDsg
2021-08-24 15:39:31.597 [main] Program1 - ************************sg
2021-08-24 15:39:31.598 [main] Program1 - Test has startedsg
2021-08-24 15:39:32.042 [main] Program1 - Username entersg
2021-08-24 15:39:32.303 [main] Program1 - Password entersg
2021-08-24 15:39:34.612 [main] Program1 - Checking the contact pagesg
2021-08-24 15:39:34.805 [main] Program1 - Getting the current urlsg
2021-08-24 15:39:35.056 [main] Program1 - ENTER NEW USER NAMEsg
2021-08-24 15:39:35.132 [main] Program1 - ENTER NEW PASSWORDsg
2021-08-24 15:39:35.229 [main] Program1 - REENTER NEW PASSWORDsg
2021-08-24 15:39:35.614 [main] Program1 - ENTER NEW USER NAMEsg
2021-08-24 15:39:35.709 [main] Program1 - ENTER NEW PASSWORDsg
2021-08-24 15:41:08.625 [main] Program1 - ************************sg
2021-08-24 15:41:08.626 [main] Program1 - Test has startedsg
2021-08-24 15:41:08.836 [main] Program1 - Username entersg
2021-08-24 15:41:08.986 [main] Program1 - Password entersg
2021-08-24 15:41:10.904 [main] Program1 - Checking the contact pagesg
2021-08-24 15:41:11.105 [main] Program1 - Getting the current urlsg
2021-08-24 15:41:11.359 [main] Program1 - ENTER NEW USER NAMEsg
2021-08-24 15:41:11.440 [main] Program1 - ENTER NEW PASSWORDsg
2021-08-24 15:41:11.541 [main] Program1 - REENTER NEW PASSWORDsg
2021-08-24 15:41:11.906 [main] Program1 - ENTER NEW USER NAMEsg
2021-08-24 15:41:11.989 [main] Program1 - ENTER NEW PASSWORDsg
2021-08-24 15:43:27.289 [main] Program1 - ************************sg
2021-08-24 15:43:27.291 [main] Program1 - Test has startedsg
2021-08-24 15:43:27.613 [main] Program1 - Username entersg
2021-08-24 15:43:27.831 [main] Program1 - Password entersg
2021-08-24 15:43:30.255 [main] Program1 - Checking the contact pagesg
2021-08-24 15:43:30.442 [main] Program1 - Getting the current urlsg
2021-08-24 15:43:30.689 [main] Program1 - ENTER NEW USER NAMEsg
2021-08-24 15:43:30.772 [main] Program1 - ENTER NEW PASSWORDsg
2021-08-24 15:43:30.867 [main] Program1 - REENTER NEW PASSWORDsg
2021-08-24 15:43:31.216 [main] Program1 - ENTER NEW USER NAMEsg
2021-08-24 15:43:31.301 [main] Program1 - ENTER NEW PASSWORDsg
2021-08-24 15:44:37.412 [main] Program1 - ************************sg
2021-08-24 15:44:37.414 [main] Program1 - Test has startedsg
2021-08-24 15:44:37.672 [main] Program1 - Username entersg
2021-08-24 15:44:37.818 [main] Program1 - Password entersg
2021-08-24 15:44:39.551 [main] Program1 - Checking the contact pagesg
2021-08-24 15:44:39.744 [main] Program1 - Getting the current urlsg
2021-08-24 15:44:40.006 [main] Program1 - ENTER NEW USER NAMEsg
2021-08-24 15:44:40.084 [main] Program1 - ENTER NEW PASSWORDsg
2021-08-24 15:44:40.169 [main] Program1 - REENTER NEW PASSWORDsg
2021-08-24 15:44:40.530 [main] Program1 - ENTER NEW USER NAMEsg
2021-08-24 15:44:40.621 [main] Program1 - ENTER NEW PASSWORDsg
2021-08-24 15:47:08.237 [main] Program1 - ************************sg
2021-08-24 15:47:08.239 [main] Program1 - Test has startedsg
2021-08-24 15:47:08.791 [main] Program1 - Username entersg
2021-08-24 15:47:09.016 [main] Program1 - Password entersg
2021-08-24 15:47:12.063 [main] Program1 - Checking the contact pagesg
2021-08-24 15:47:12.253 [main] Program1 - Getting the current urlsg
2021-08-24 15:47:12.492 [main] Program1 - ENTER NEW USER NAMEsg
2021-08-24 15:47:12.569 [main] Program1 - ENTER NEW PASSWORDsg
2021-08-24 15:47:12.661 [main] Program1 - REENTER NEW PASSWORDsg
2021-08-24 15:47:13.009 [main] Program1 - ENTER NEW USER NAMEsg
2021-08-24 15:47:13.099 [main] Program1 - ENTER NEW PASSWORDsg
